d:\private\thread_pool\build\cmakefiles\generate.stamp
d:\private\thread_pool\build\release\thread_worker.lib
d:\private\thread_pool\build\thread_worker.dir\release\.d.json
d:\private\thread_pool\build\thread_worker.dir\release\thread_pool.obj
d:\private\thread_pool\build\thread_worker.dir\release\job_manager.obj
d:\private\thread_pool\build\thread_worker.dir\release\job.obj
d:\private\thread_pool\build\thread_worker.dir\release\thread_worker.obj
d:\private\thread_pool\build\thread_worker.dir\release\job.cpp.module.json
d:\private\thread_pool\build\thread_worker.dir\release\thread_worker.cpp.module.json
d:\private\thread_pool\build\thread_worker.dir\release\thread_pool.cpp.module.json
d:\private\thread_pool\build\thread_worker.dir\release\job_manager.cpp.module.json
d:\private\thread_pool\build\thread_worker.dir\release\thread_worker.tlog\cl.command.1.tlog
d:\private\thread_pool\build\thread_worker.dir\release\thread_worker.tlog\cl.items.tlog
d:\private\thread_pool\build\thread_worker.dir\release\thread_worker.tlog\custombuild.command.1.tlog
d:\private\thread_pool\build\thread_worker.dir\release\thread_worker.tlog\custombuild.read.1.tlog
d:\private\thread_pool\build\thread_worker.dir\release\thread_worker.tlog\custombuild.write.1.tlog
d:\private\thread_pool\build\thread_worker.dir\release\thread_worker.tlog\lib-link.read.1.tlog
d:\private\thread_pool\build\thread_worker.dir\release\thread_worker.tlog\lib-link.write.1.tlog
d:\private\thread_pool\build\thread_worker.dir\release\thread_worker.tlog\lib.command.1.tlog
d:\private\thread_pool\build\thread_worker.dir\release\thread_worker.tlog\microsoft.build.cpptasks.cl.read.1.tlog
d:\private\thread_pool\build\thread_worker.dir\release\thread_worker.tlog\microsoft.build.cpptasks.cl.write.1.tlog
d:\private\thread_pool\build\thread_worker.dir\release\thread_worker_md.tlog\cl.command.1.tlog
d:\private\thread_pool\build\thread_worker.dir\release\thread_worker_md.tlog\microsoft.build.cpptasks.cl.read.1.tlog
d:\private\thread_pool\build\thread_worker.dir\release\thread_worker_md.tlog\microsoft.build.cpptasks.cl.write.1.tlog
